[1013/155406.678:ERROR:filesystem_win.cc(129)] GetFileAttributes C:\Users\wolfw\AppData\Local\Google\Chrome\User Data\Crashpad\attachments\09b84549-ccb8-4871-8232-216407b36740: The system cannot find the path specified. (0x3)
[1013/155406.740:ERROR:filesystem_win.cc(129)] GetFileAttributes C:\Users\wolfw\AppData\Local\Google\Chrome\User Data\Crashpad\attachments\1f625670-527e-4266-8465-9a1e5e677eab: The system cannot find the path specified. (0x3)
[1013/155406.743:ERROR:filesystem_win.cc(129)] GetFileAttributes C:\Users\wolfw\AppData\Local\Google\Chrome\User Data\Crashpad\attachments\24c3cd01-86d5-4a31-ba6b-998724109722: The system cannot find the path specified. (0x3)
[1013/155406.798:ERROR:filesystem_win.cc(129)] GetFileAttributes C:\Users\wolfw\AppData\Local\Google\Chrome\User Data\Crashpad\attachments\36806795-437b-4fb5-af6f-6995a73db78d: The system cannot find the path specified. (0x3)
[1013/155406.809:ERROR:filesystem_win.cc(129)] GetFileAttributes C:\Users\wolfw\AppData\Local\Google\Chrome\User Data\Crashpad\attachments\38d9b692-b82a-4c65-aff3-d199b2215710: The system cannot find the path specified. (0x3)
[1013/155406.874:ERROR:filesystem_win.cc(129)] GetFileAttributes C:\Users\wolfw\AppData\Local\Google\Chrome\User Data\Crashpad\attachments\594ad4d7-a7d7-4da4-adfd-8d161e5f21f5: The system cannot find the path specified. (0x3)
[1013/155406.894:ERROR:filesystem_win.cc(129)] GetFileAttributes C:\Users\wolfw\AppData\Local\Google\Chrome\User Data\Crashpad\attachments\59de9263-08a3-4d5f-b847-146530e31906: The system cannot find the path specified. (0x3)
[1013/155406.905:ERROR:filesystem_win.cc(129)] GetFileAttributes C:\Users\wolfw\AppData\Local\Google\Chrome\User Data\Crashpad\attachments\5de1e558-da63-4f68-ac99-2a4ea04c0e60: The system cannot find the path specified. (0x3)
[1013/155406.985:ERROR:filesystem_win.cc(129)] GetFileAttributes C:\Users\wolfw\AppData\Local\Google\Chrome\User Data\Crashpad\attachments\67e741ea-69b0-4df3-8bf5-b7f6efb73ba8: The system cannot find the path specified. (0x3)
[1013/155406.987:ERROR:filesystem_win.cc(129)] GetFileAttributes C:\Users\wolfw\AppData\Local\Google\Chrome\User Data\Crashpad\attachments\725e112d-0cb5-4d08-a055-bf060ef2d9f2: The system cannot find the path specified. (0x3)
[1013/155407.012:ERROR:filesystem_win.cc(129)] GetFileAttributes C:\Users\wolfw\AppData\Local\Google\Chrome\User Data\Crashpad\attachments\7400e3d2-8524-4a2f-bccf-292f7ee13b22: The system cannot find the path specified. (0x3)
[1013/155407.067:ERROR:filesystem_win.cc(129)] GetFileAttributes C:\Users\wolfw\AppData\Local\Google\Chrome\User Data\Crashpad\attachments\7ce2a905-1180-4828-bf05-8ea575d3ef41: The system cannot find the path specified. (0x3)
[1013/155407.068:ERROR:filesystem_win.cc(129)] GetFileAttributes C:\Users\wolfw\AppData\Local\Google\Chrome\User Data\Crashpad\attachments\7fe73bed-af6f-4f14-ab0d-27c60bcde45e: The system cannot find the path specified. (0x3)
[1013/155407.107:ERROR:filesystem_win.cc(129)] GetFileAttributes C:\Users\wolfw\AppData\Local\Google\Chrome\User Data\Crashpad\attachments\80328571-4c0a-4dd8-ac94-024304e1ad1e: The system cannot find the path specified. (0x3)
[1013/155407.131:ERROR:filesystem_win.cc(129)] GetFileAttributes C:\Users\wolfw\AppData\Local\Google\Chrome\User Data\Crashpad\attachments\82754d2b-46c0-40ab-9ea6-36734aa4d53f: The system cannot find the path specified. (0x3)
[1013/155407.139:ERROR:filesystem_win.cc(129)] GetFileAttributes C:\Users\wolfw\AppData\Local\Google\Chrome\User Data\Crashpad\attachments\82d4deb7-8284-4eac-9020-0bfcfb018256: The system cannot find the path specified. (0x3)
[1013/155407.167:ERROR:filesystem_win.cc(129)] GetFileAttributes C:\Users\wolfw\AppData\Local\Google\Chrome\User Data\Crashpad\attachments\8430bc98-1e1d-43ab-9916-5f33fee955eb: The system cannot find the path specified. (0x3)
[1013/155407.179:ERROR:filesystem_win.cc(129)] GetFileAttributes C:\Users\wolfw\AppData\Local\Google\Chrome\User Data\Crashpad\attachments\8ac6156a-0ac4-45f6-a860-4d54205d2c48: The system cannot find the path specified. (0x3)
[1013/155407.180:ERROR:filesystem_win.cc(129)] GetFileAttributes C:\Users\wolfw\AppData\Local\Google\Chrome\User Data\Crashpad\attachments\8af7f103-cfee-4d60-9bc0-2e0d00e610a3: The system cannot find the path specified. (0x3)
[1013/155407.192:ERROR:filesystem_win.cc(129)] GetFileAttributes C:\Users\wolfw\AppData\Local\Google\Chrome\User Data\Crashpad\attachments\8caa4aac-eb28-4903-a787-1d3882e28d1c: The system cannot find the path specified. (0x3)
[1013/155407.223:ERROR:filesystem_win.cc(129)] GetFileAttributes C:\Users\wolfw\AppData\Local\Google\Chrome\User Data\Crashpad\attachments\96f72df5-b3d4-4c63-82c4-29f60d0902af: The system cannot find the path specified. (0x3)
[1013/155407.273:ERROR:filesystem_win.cc(129)] GetFileAttributes C:\Users\wolfw\AppData\Local\Google\Chrome\User Data\Crashpad\attachments\98fb3f0f-90a9-4514-9944-6332f58a4d72: The system cannot find the path specified. (0x3)
[1013/155407.298:ERROR:filesystem_win.cc(129)] GetFileAttributes C:\Users\wolfw\AppData\Local\Google\Chrome\User Data\Crashpad\attachments\9d223fa4-6eb7-48f8-95f2-1107ae5c1137: The system cannot find the path specified. (0x3)
[1013/155407.313:ERROR:filesystem_win.cc(129)] GetFileAttributes C:\Users\wolfw\AppData\Local\Google\Chrome\User Data\Crashpad\attachments\9fb03c17-31fa-43f4-9604-da51c94c2228: The system cannot find the path specified. (0x3)
[1013/155407.368:ERROR:filesystem_win.cc(129)] GetFileAttributes C:\Users\wolfw\AppData\Local\Google\Chrome\User Data\Crashpad\attachments\a9bc9102-27fe-4590-ba77-34311ff4ba9c: The system cannot find the path specified. (0x3)
[1013/155407.393:ERROR:filesystem_win.cc(129)] GetFileAttributes C:\Users\wolfw\AppData\Local\Google\Chrome\User Data\Crashpad\attachments\b610b5f0-5e59-4c7a-b283-d1add9d6d13e: The system cannot find the path specified. (0x3)
[1013/155407.411:ERROR:filesystem_win.cc(129)] GetFileAttributes C:\Users\wolfw\AppData\Local\Google\Chrome\User Data\Crashpad\attachments\b6d4cfb2-60bd-4d06-9c88-1f34ff6f027b: The system cannot find the path specified. (0x3)
[1013/155407.464:ERROR:filesystem_win.cc(129)] GetFileAttributes C:\Users\wolfw\AppData\Local\Google\Chrome\User Data\Crashpad\attachments\dbb545d7-8adb-44d0-84d3-d00fb0bcc6c6: The system cannot find the path specified. (0x3)
[1013/155407.521:ERROR:filesystem_win.cc(129)] GetFileAttributes C:\Users\wolfw\AppData\Local\Google\Chrome\User Data\Crashpad\attachments\fd218ec3-91db-44f3-b181-b005926419ca: The system cannot find the path specified. (0x3)
[1013/155407.531:ERROR:filesystem_win.cc(129)] GetFileAttributes C:\Users\wolfw\AppData\Local\Google\Chrome\User Data\Crashpad\attachments\ff9c3d74-a94e-486e-8ef1-cbd4c23e8c97: The system cannot find the path specified. (0x3)
[1013/155407.533:ERROR:directory_reader_win.cc(43)] FindFirstFile: The system cannot find the path specified. (0x3)
[1020/141546.697:ERROR:directory_reader_win.cc(43)] FindFirstFile: The system cannot find the path specified. (0x3)
[1102/132308.606:ERROR:directory_reader_win.cc(43)] FindFirstFile: The system cannot find the path specified. (0x3)
[1116/145724.925:ERROR:directory_reader_win.cc(43)] FindFirstFile: The system cannot find the path specified. (0x3)
[1118/084425.939:ERROR:directory_reader_win.cc(43)] FindFirstFile: The system cannot find the path specified. (0x3)
[1119/191222.029:ERROR:directory_reader_win.cc(43)] FindFirstFile: The system cannot find the path specified. (0x3)
[1122/004249.971:ERROR:directory_reader_win.cc(43)] FindFirstFile: The system cannot find the path specified. (0x3)
[1123/150940.766:ERROR:directory_reader_win.cc(43)] FindFirstFile: The system cannot find the path specified. (0x3)
[1124/150939.776:ERROR:directory_reader_win.cc(43)] FindFirstFile: The system cannot find the path specified. (0x3)
[1202/154523.660:ERROR:directory_reader_win.cc(43)] FindFirstFile: The system cannot find the path specified. (0x3)
